PRT1
25
40
4 0 2 (4096 -1024 0 ) (4096 -1024 768 ) (4096 0 768 ) (4096 0 0 ) 
4 0 1 (4608 -1024 0 ) (4608 -1024 768 ) (4096 -1024 768 ) (4096 -1024 0 ) 
4 1 10 (4608 -2048 0 ) (4608 -2048 768 ) (4096 -2048 768 ) (4096 -2048 0 ) 
4 1 4 (4096 -2048 0 ) (4096 -2048 768 ) (4096 -1024 768 ) (4096 -1024 0 ) 
4 2 4 (4096 -1024 0 ) (4096 -1024 768 ) (3072 -1024 768 ) (3072 -1024 0 ) 
4 2 3 (3072 -1024 0 ) (3072 -1024 768 ) (3072 0 768 ) (3072 0 0 ) 
4 3 6 (2048 -1024 0 ) (2048 -1024 768 ) (2048 0 768 ) (2048 0 0 ) 
4 3 5 (3072 -1024 0 ) (3072 -1024 768 ) (2048 -1024 768 ) (2048 -1024 0 ) 
4 4 12 (4096 -2048 0 ) (4096 -2048 768 ) (3072 -2048 768 ) (3072 -2048 0 ) 
4 4 5 (3072 -1024 768 ) (3072 -1024 0 ) (3072 -2048 0 ) (3072 -2048 768 ) 
4 5 13 (3072 -2048 0 ) (3072 -2048 768 ) (2048 -2048 768 ) (2048 -2048 0 ) 
4 5 8 (2048 -2048 0 ) (2048 -2048 768 ) (2048 -1024 768 ) (2048 -1024 0 ) 
4 6 8 (2048 -1024 0 ) (2048 -1024 768 ) (1024 -1024 768 ) (1024 -1024 0 ) 
4 6 7 (1024 -1024 0 ) (1024 -1024 768 ) (1024 0 768 ) (1024 0 0 ) 
4 7 9 (1024 -1024 0 ) (1024 -1024 768 ) (0 -1024 768 ) (0 -1024 0 ) 
4 8 19 (2048 -2048 0 ) (2048 -2048 768 ) (1024 -2048 768 ) (1024 -2048 0 ) 
4 8 9 (1024 -1024 768 ) (1024 -1024 0 ) (1024 -2048 0 ) (1024 -2048 768 ) 
4 9 20 (1024 -2048 0 ) (1024 -2048 768 ) (0 -2048 768 ) (0 -2048 0 ) 
4 10 12 (4096 -2048 768 ) (4096 -2048 0 ) (4096 -3072 0 ) (4096 -3072 768 ) 
4 10 11 (4608 -3072 0 ) (4608 -3072 768 ) (4096 -3072 768 ) (4096 -3072 0 ) 
4 11 16 (4608 -4096 0 ) (4608 -4096 768 ) (4096 -4096 768 ) (4096 -4096 0 ) 
4 11 14 (4096 -4096 0 ) (4096 -4096 768 ) (4096 -3072 768 ) (4096 -3072 0 ) 
4 12 14 (4096 -3072 0 ) (4096 -3072 768 ) (3072 -3072 768 ) (3072 -3072 0 ) 
4 12 13 (3072 -2048 768 ) (3072 -2048 0 ) (3072 -3072 0 ) (3072 -3072 768 ) 
4 13 19 (2048 -2048 768 ) (2048 -2048 0 ) (2048 -3072 0 ) (2048 -3072 768 ) 
4 13 15 (3072 -3072 0 ) (3072 -3072 768 ) (2048 -3072 768 ) (2048 -3072 0 ) 
4 14 17 (4096 -4096 0 ) (4096 -4096 768 ) (3072 -4096 768 ) (3072 -4096 0 ) 
4 14 15 (3072 -3072 768 ) (3072 -3072 0 ) (3072 -4096 0 ) (3072 -4096 768 ) 
4 15 21 (2048 -4096 0 ) (2048 -4096 768 ) (2048 -3072 768 ) (2048 -3072 0 ) 
4 15 18 (3072 -4096 0 ) (3072 -4096 768 ) (2048 -4096 768 ) (2048 -4096 0 ) 
4 16 17 (4096 -4096 768 ) (4096 -4096 0 ) (4096 -4608 0 ) (4096 -4608 768 ) 
4 17 18 (3072 -4096 768 ) (3072 -4096 0 ) (3072 -4608 0 ) (3072 -4608 768 ) 
4 18 23 (2048 -4608 0 ) (2048 -4608 768 ) (2048 -4096 768 ) (2048 -4096 0 ) 
4 19 21 (2048 -3072 0 ) (2048 -3072 768 ) (1024 -3072 768 ) (1024 -3072 0 ) 
4 19 20 (1024 -2048 768 ) (1024 -2048 0 ) (1024 -3072 0 ) (1024 -3072 768 ) 
4 20 22 (1024 -3072 0 ) (1024 -3072 768 ) (0 -3072 768 ) (0 -3072 0 ) 
4 21 23 (2048 -4096 0 ) (2048 -4096 768 ) (1024 -4096 768 ) (1024 -4096 0 ) 
4 21 22 (1024 -3072 768 ) (1024 -3072 0 ) (1024 -4096 0 ) (1024 -4096 768 ) 
4 22 24 (1024 -4096 0 ) (1024 -4096 768 ) (0 -4096 768 ) (0 -4096 0 ) 
4 23 24 (1024 -4096 768 ) (1024 -4096 0 ) (1024 -4608 0 ) (1024 -4608 768 ) 
